2024-04-01 17:49:34,341 INFO    StreamThr :6077 [internal.py:wandb_internal():86] W&B internal server running at pid: 6077, started at: 2024-04-01 17:49:34.340459
2024-04-01 17:49:34,342 DEBUG   HandlerThread:6077 [handler.py:handle_request():146] handle_request: status
2024-04-01 17:49:34,352 INFO    WriterThread:6077 [datastore.py:open_for_write():87] open: /Users/viditpokharna/Downloads/assignment-4/wandb/run-20240401_174934-iop4dmcv/run-iop4dmcv.wandb
2024-04-01 17:49:34,353 DEBUG   SenderThread:6077 [sender.py:send():379] send: header
2024-04-01 17:49:34,367 DEBUG   SenderThread:6077 [sender.py:send():379] send: run
2024-04-01 17:49:34,711 INFO    SenderThread:6077 [dir_watcher.py:__init__():211] watching files in: /Users/viditpokharna/Downloads/assignment-4/wandb/run-20240401_174934-iop4dmcv/files
2024-04-01 17:49:34,711 INFO    SenderThread:6077 [sender.py:_start_run_threads():1124] run started: iop4dmcv with start time 1712008174.340858
2024-04-01 17:49:34,720 DEBUG   HandlerThread:6077 [handler.py:handle_request():146] handle_request: check_version
2024-04-01 17:49:34,720 DEBUG   SenderThread:6077 [sender.py:send_request():406] send_request: check_version
2024-04-01 17:49:37,890 DEBUG   HandlerThread:6077 [handler.py:handle_request():146] handle_request: run_start
2024-04-01 17:49:37,898 DEBUG   HandlerThread:6077 [system_info.py:__init__():26] System info init
2024-04-01 17:49:37,898 DEBUG   HandlerThread:6077 [system_info.py:__init__():41] System info init done
2024-04-01 17:49:37,899 INFO    HandlerThread:6077 [system_monitor.py:start():194] Starting system monitor
2024-04-01 17:49:37,899 INFO    SystemMonitor:6077 [system_monitor.py:_start():158] Starting system asset monitoring threads
2024-04-01 17:49:37,899 INFO    HandlerThread:6077 [system_monitor.py:probe():214] Collecting system info
2024-04-01 17:49:37,900 INFO    SystemMonitor:6077 [interfaces.py:start():190] Started cpu monitoring
2024-04-01 17:49:37,901 DEBUG   HandlerThread:6077 [system_info.py:probe():150] Probing system
2024-04-01 17:49:37,901 INFO    SystemMonitor:6077 [interfaces.py:start():190] Started disk monitoring
2024-04-01 17:49:37,902 INFO    SystemMonitor:6077 [interfaces.py:start():190] Started gpuapple monitoring
2024-04-01 17:49:37,905 INFO    SystemMonitor:6077 [interfaces.py:start():190] Started memory monitoring
2024-04-01 17:49:37,906 INFO    SystemMonitor:6077 [interfaces.py:start():190] Started network monitoring
2024-04-01 17:49:37,911 DEBUG   HandlerThread:6077 [system_info.py:_probe_git():135] Probing git
2024-04-01 17:49:37,927 DEBUG   HandlerThread:6077 [system_info.py:_probe_git():143] Probing git done
2024-04-01 17:49:37,928 DEBUG   HandlerThread:6077 [system_info.py:probe():198] Probing system done
2024-04-01 17:49:37,928 DEBUG   HandlerThread:6077 [system_monitor.py:probe():223] {'os': 'macOS-14.1-arm64-arm-64bit', 'python': '3.10.14', 'heartbeatAt': '2024-04-01T21:49:37.901258', 'startedAt': '2024-04-01T21:49:34.333357', 'docker': None, 'cuda': None, 'args': (), 'state': 'running', 'program': '<python with no main file>', 'codePathLocal': None, 'git': {'remote': None, 'commit': None}, 'email': 'vpokharna3@gatech.edu', 'root': '/Users/viditpokharna', 'host': 'Belas-MacBook-Air.local', 'username': 'viditpokharna', 'executable': '/Users/viditpokharna/anaconda3/envs/cv_proj4/bin/python', 'cpu_count': 8, 'cpu_count_logical': 8, 'cpu_freq': {'current': 3204, 'min': 600, 'max': 3204}, 'cpu_freq_per_core': [{'current': 3204, 'min': 600, 'max': 3204}], 'disk': {'/': {'total': 228.27386474609375, 'used': 9.218624114990234}}, 'gpuapple': {'type': 'arm', 'vendor': 'Apple'}, 'memory': {'total': 8.0}}
2024-04-01 17:49:37,928 INFO    HandlerThread:6077 [system_monitor.py:probe():224] Finished collecting system info
2024-04-01 17:49:37,928 INFO    HandlerThread:6077 [system_monitor.py:probe():227] Publishing system info
2024-04-01 17:49:37,928 DEBUG   HandlerThread:6077 [system_info.py:_save_conda():207] Saving list of conda packages installed into the current environment
2024-04-01 17:49:38,729 INFO    Thread-12 :6077 [dir_watcher.py:_on_file_created():271] file/dir created: /Users/viditpokharna/Downloads/assignment-4/wandb/run-20240401_174934-iop4dmcv/files/conda-environment.yaml
2024-04-01 17:49:40,318 DEBUG   HandlerThread:6077 [system_info.py:_save_conda():222] Saving conda packages done
2024-04-01 17:49:40,319 INFO    HandlerThread:6077 [system_monitor.py:probe():229] Finished publishing system info
2024-04-01 17:49:40,321 DEBUG   HandlerThread:6077 [handler.py:handle_request():146] handle_request: status_report
2024-04-01 17:49:40,321 DEBUG   SenderThread:6077 [sender.py:send():379] send: files
2024-04-01 17:49:40,321 INFO    SenderThread:6077 [sender.py:_save_file():1390] saving file wandb-metadata.json with policy now
2024-04-01 17:49:40,428 DEBUG   HandlerThread:6077 [handler.py:handle_request():146] handle_request: python_packages
2024-04-01 17:49:40,429 DEBUG   SenderThread:6077 [sender.py:send_request():406] send_request: python_packages
2024-04-01 17:49:40,429 DEBUG   HandlerThread:6077 [handler.py:handle_request():146] handle_request: stop_status
2024-04-01 17:49:40,429 DEBUG   SenderThread:6077 [sender.py:send_request():406] send_request: stop_status
2024-04-01 17:49:40,430 DEBUG   HandlerThread:6077 [handler.py:handle_request():146] handle_request: internal_messages
2024-04-01 17:49:40,539 DEBUG   HandlerThread:6077 [handler.py:handle_request():146] handle_request: pause
2024-04-01 17:49:40,539 INFO    HandlerThread:6077 [handler.py:handle_request_pause():708] stopping system metrics thread
2024-04-01 17:49:40,539 INFO    HandlerThread:6077 [system_monitor.py:finish():203] Stopping system monitor
2024-04-01 17:49:40,539 INFO    HandlerThread:6077 [interfaces.py:finish():202] Joined cpu monitor
2024-04-01 17:49:40,539 INFO    HandlerThread:6077 [interfaces.py:finish():202] Joined disk monitor
2024-04-01 17:49:40,540 DEBUG   SystemMonitor:6077 [system_monitor.py:_start():172] Starting system metrics aggregation loop
2024-04-01 17:49:40,540 DEBUG   SystemMonitor:6077 [system_monitor.py:_start():179] Finished system metrics aggregation loop
2024-04-01 17:49:40,540 DEBUG   SystemMonitor:6077 [system_monitor.py:_start():183] Publishing last batch of metrics
2024-04-01 17:49:40,636 DEBUG   SenderThread:6077 [sender.py:send():379] send: telemetry
2024-04-01 17:49:40,636 DEBUG   SenderThread:6077 [sender.py:send():379] send: config
2024-04-01 17:49:40,734 INFO    Thread-12 :6077 [dir_watcher.py:_on_file_modified():288] file/dir modified: /Users/viditpokharna/Downloads/assignment-4/wandb/run-20240401_174934-iop4dmcv/files/conda-environment.yaml
2024-04-01 17:49:40,734 INFO    Thread-12 :6077 [dir_watcher.py:_on_file_created():271] file/dir created: /Users/viditpokharna/Downloads/assignment-4/wandb/run-20240401_174934-iop4dmcv/files/wandb-metadata.json
2024-04-01 17:49:40,734 INFO    Thread-12 :6077 [dir_watcher.py:_on_file_created():271] file/dir created: /Users/viditpokharna/Downloads/assignment-4/wandb/run-20240401_174934-iop4dmcv/files/requirements.txt
2024-04-01 17:49:40,831 INFO    HandlerThread:6077 [interfaces.py:finish():202] Joined gpuapple monitor
2024-04-01 17:49:40,831 INFO    HandlerThread:6077 [interfaces.py:finish():202] Joined memory monitor
2024-04-01 17:49:40,831 INFO    HandlerThread:6077 [interfaces.py:finish():202] Joined network monitor
2024-04-01 17:49:40,831 DEBUG   SenderThread:6077 [sender.py:send():379] send: telemetry
2024-04-01 17:49:40,831 DEBUG   SenderThread:6077 [sender.py:send():379] send: stats
2024-04-01 17:49:40,864 INFO    wandb-upload_0:6077 [upload_job.py:push():131] Uploaded file /var/folders/rx/4mtzy3y13t9f2njmm29j60pm0000gp/T/tmpbp0lnq6vwandb/fn05czyy-wandb-metadata.json
2024-04-01 17:49:45,854 DEBUG   HandlerThread:6077 [handler.py:handle_request():146] handle_request: status_report
2024-04-01 17:49:50,872 DEBUG   HandlerThread:6077 [handler.py:handle_request():146] handle_request: status_report
2024-04-01 17:49:55,441 DEBUG   HandlerThread:6077 [handler.py:handle_request():146] handle_request: internal_messages
2024-04-01 17:49:55,442 DEBUG   HandlerThread:6077 [handler.py:handle_request():146] handle_request: stop_status
2024-04-01 17:49:55,444 DEBUG   SenderThread:6077 [sender.py:send_request():406] send_request: stop_status
2024-04-01 17:49:56,714 DEBUG   HandlerThread:6077 [handler.py:handle_request():146] handle_request: status_report
2024-04-01 17:50:01,732 DEBUG   HandlerThread:6077 [handler.py:handle_request():146] handle_request: status_report
2024-04-01 17:50:06,760 DEBUG   HandlerThread:6077 [handler.py:handle_request():146] handle_request: status_report
2024-04-01 17:50:06,894 INFO    Thread-12 :6077 [dir_watcher.py:_on_file_modified():288] file/dir modified: /Users/viditpokharna/Downloads/assignment-4/wandb/run-20240401_174934-iop4dmcv/files/config.yaml
2024-04-01 17:50:10,440 DEBUG   HandlerThread:6077 [handler.py:handle_request():146] handle_request: internal_messages
2024-04-01 17:50:10,442 DEBUG   HandlerThread:6077 [handler.py:handle_request():146] handle_request: stop_status
2024-04-01 17:50:10,443 DEBUG   SenderThread:6077 [sender.py:send_request():406] send_request: stop_status
2024-04-01 17:50:12,605 DEBUG   HandlerThread:6077 [handler.py:handle_request():146] handle_request: status_report
2024-04-01 17:50:17,626 DEBUG   HandlerThread:6077 [handler.py:handle_request():146] handle_request: status_report
2024-04-01 17:50:22,641 DEBUG   HandlerThread:6077 [handler.py:handle_request():146] handle_request: status_report
2024-04-01 17:50:25,449 DEBUG   HandlerThread:6077 [handler.py:handle_request():146] handle_request: internal_messages
2024-04-01 17:50:25,450 DEBUG   HandlerThread:6077 [handler.py:handle_request():146] handle_request: stop_status
2024-04-01 17:50:25,451 DEBUG   SenderThread:6077 [sender.py:send_request():406] send_request: stop_status
2024-04-01 17:50:28,544 DEBUG   HandlerThread:6077 [handler.py:handle_request():146] handle_request: status_report
2024-04-01 17:50:33,575 DEBUG   HandlerThread:6077 [handler.py:handle_request():146] handle_request: status_report
2024-04-01 17:50:38,578 DEBUG   HandlerThread:6077 [handler.py:handle_request():146] handle_request: status_report
2024-04-01 17:50:40,449 DEBUG   HandlerThread:6077 [handler.py:handle_request():146] handle_request: internal_messages
2024-04-01 17:50:40,450 DEBUG   HandlerThread:6077 [handler.py:handle_request():146] handle_request: stop_status
2024-04-01 17:50:40,450 DEBUG   SenderThread:6077 [sender.py:send_request():406] send_request: stop_status
2024-04-01 17:50:43,720 DEBUG   HandlerThread:6077 [handler.py:handle_request():146] handle_request: status_report
2024-04-01 17:50:44,538 DEBUG   HandlerThread:6077 [handler.py:handle_request():146] handle_request: resume
2024-04-01 17:50:44,538 INFO    HandlerThread:6077 [handler.py:handle_request_resume():699] starting system metrics thread
2024-04-01 17:50:44,538 INFO    HandlerThread:6077 [system_monitor.py:start():194] Starting system monitor
2024-04-01 17:50:44,538 INFO    SystemMonitor:6077 [system_monitor.py:_start():158] Starting system asset monitoring threads
2024-04-01 17:50:44,539 INFO    SystemMonitor:6077 [interfaces.py:start():190] Started cpu monitoring
2024-04-01 17:50:44,539 INFO    SystemMonitor:6077 [interfaces.py:start():190] Started disk monitoring
2024-04-01 17:50:44,540 INFO    SystemMonitor:6077 [interfaces.py:start():190] Started gpuapple monitoring
2024-04-01 17:50:44,544 INFO    SystemMonitor:6077 [interfaces.py:start():190] Started memory monitoring
2024-04-01 17:50:44,546 INFO    SystemMonitor:6077 [interfaces.py:start():190] Started network monitoring
2024-04-01 17:50:44,557 DEBUG   SenderThread:6077 [sender.py:send():379] send: telemetry
2024-04-01 17:50:44,559 DEBUG   SenderThread:6077 [sender.py:send():379] send: exit
2024-04-01 17:50:44,559 INFO    SenderThread:6077 [sender.py:send_exit():586] handling exit code: 0
2024-04-01 17:50:44,560 INFO    SenderThread:6077 [sender.py:send_exit():588] handling runtime: 2
2024-04-01 17:50:44,562 INFO    SenderThread:6077 [sender.py:_save_file():1390] saving file wandb-summary.json with policy end
2024-04-01 17:50:44,563 INFO    SenderThread:6077 [sender.py:send_exit():594] send defer
2024-04-01 17:50:44,563 DEBUG   HandlerThread:6077 [handler.py:handle_request():146] handle_request: defer
2024-04-01 17:50:44,563 INFO    HandlerThread:6077 [handler.py:handle_request_defer():172] handle defer: 0
2024-04-01 17:50:44,564 DEBUG   SenderThread:6077 [sender.py:send_request():406] send_request: defer
2024-04-01 17:50:44,564 INFO    SenderThread:6077 [sender.py:send_request_defer():610] handle sender defer: 0
2024-04-01 17:50:44,564 INFO    SenderThread:6077 [sender.py:transition_state():614] send defer: 1
2024-04-01 17:50:44,565 DEBUG   HandlerThread:6077 [handler.py:handle_request():146] handle_request: defer
2024-04-01 17:50:44,565 INFO    HandlerThread:6077 [handler.py:handle_request_defer():172] handle defer: 1
2024-04-01 17:50:44,565 DEBUG   SenderThread:6077 [sender.py:send_request():406] send_request: defer
2024-04-01 17:50:44,565 INFO    SenderThread:6077 [sender.py:send_request_defer():610] handle sender defer: 1
2024-04-01 17:50:44,565 INFO    SenderThread:6077 [sender.py:transition_state():614] send defer: 2
2024-04-01 17:50:44,565 DEBUG   HandlerThread:6077 [handler.py:handle_request():146] handle_request: defer
2024-04-01 17:50:44,565 INFO    HandlerThread:6077 [handler.py:handle_request_defer():172] handle defer: 2
2024-04-01 17:50:44,566 INFO    HandlerThread:6077 [system_monitor.py:finish():203] Stopping system monitor
2024-04-01 17:50:44,566 DEBUG   SystemMonitor:6077 [system_monitor.py:_start():172] Starting system metrics aggregation loop
2024-04-01 17:50:44,566 DEBUG   SystemMonitor:6077 [system_monitor.py:_start():179] Finished system metrics aggregation loop
2024-04-01 17:50:44,566 DEBUG   SystemMonitor:6077 [system_monitor.py:_start():183] Publishing last batch of metrics
2024-04-01 17:50:44,566 INFO    HandlerThread:6077 [interfaces.py:finish():202] Joined cpu monitor
2024-04-01 17:50:44,568 INFO    HandlerThread:6077 [interfaces.py:finish():202] Joined disk monitor
2024-04-01 17:50:45,054 INFO    Thread-12 :6077 [dir_watcher.py:_on_file_created():271] file/dir created: /Users/viditpokharna/Downloads/assignment-4/wandb/run-20240401_174934-iop4dmcv/files/output.log
2024-04-01 17:50:45,054 INFO    Thread-12 :6077 [dir_watcher.py:_on_file_created():271] file/dir created: /Users/viditpokharna/Downloads/assignment-4/wandb/run-20240401_174934-iop4dmcv/files/wandb-summary.json
2024-04-01 17:50:45,112 INFO    HandlerThread:6077 [interfaces.py:finish():202] Joined gpuapple monitor
2024-04-01 17:50:45,112 INFO    HandlerThread:6077 [interfaces.py:finish():202] Joined memory monitor
2024-04-01 17:50:45,112 INFO    HandlerThread:6077 [interfaces.py:finish():202] Joined network monitor
2024-04-01 17:50:45,112 DEBUG   SenderThread:6077 [sender.py:send_request():406] send_request: defer
2024-04-01 17:50:45,112 INFO    SenderThread:6077 [sender.py:send_request_defer():610] handle sender defer: 2
2024-04-01 17:50:45,112 INFO    SenderThread:6077 [sender.py:transition_state():614] send defer: 3
2024-04-01 17:50:45,112 DEBUG   SenderThread:6077 [sender.py:send():379] send: stats
2024-04-01 17:50:45,112 DEBUG   HandlerThread:6077 [handler.py:handle_request():146] handle_request: defer
2024-04-01 17:50:45,112 INFO    HandlerThread:6077 [handler.py:handle_request_defer():172] handle defer: 3
2024-04-01 17:50:45,113 DEBUG   SenderThread:6077 [sender.py:send_request():406] send_request: defer
2024-04-01 17:50:45,113 INFO    SenderThread:6077 [sender.py:send_request_defer():610] handle sender defer: 3
2024-04-01 17:50:45,113 INFO    SenderThread:6077 [sender.py:transition_state():614] send defer: 4
2024-04-01 17:50:45,113 DEBUG   HandlerThread:6077 [handler.py:handle_request():146] handle_request: defer
2024-04-01 17:50:45,113 INFO    HandlerThread:6077 [handler.py:handle_request_defer():172] handle defer: 4
2024-04-01 17:50:45,113 DEBUG   SenderThread:6077 [sender.py:send_request():406] send_request: defer
2024-04-01 17:50:45,113 INFO    SenderThread:6077 [sender.py:send_request_defer():610] handle sender defer: 4
2024-04-01 17:50:45,113 INFO    SenderThread:6077 [sender.py:transition_state():614] send defer: 5
2024-04-01 17:50:45,113 DEBUG   HandlerThread:6077 [handler.py:handle_request():146] handle_request: defer
2024-04-01 17:50:45,113 INFO    HandlerThread:6077 [handler.py:handle_request_defer():172] handle defer: 5
2024-04-01 17:50:45,113 DEBUG   SenderThread:6077 [sender.py:send():379] send: summary
2024-04-01 17:50:45,113 INFO    SenderThread:6077 [sender.py:_save_file():1390] saving file wandb-summary.json with policy end
2024-04-01 17:50:45,113 DEBUG   SenderThread:6077 [sender.py:send_request():406] send_request: defer
2024-04-01 17:50:45,113 INFO    SenderThread:6077 [sender.py:send_request_defer():610] handle sender defer: 5
2024-04-01 17:50:45,113 INFO    SenderThread:6077 [sender.py:transition_state():614] send defer: 6
2024-04-01 17:50:45,113 DEBUG   HandlerThread:6077 [handler.py:handle_request():146] handle_request: defer
2024-04-01 17:50:45,113 INFO    HandlerThread:6077 [handler.py:handle_request_defer():172] handle defer: 6
2024-04-01 17:50:45,113 DEBUG   SenderThread:6077 [sender.py:send_request():406] send_request: defer
2024-04-01 17:50:45,113 INFO    SenderThread:6077 [sender.py:send_request_defer():610] handle sender defer: 6
2024-04-01 17:50:45,116 DEBUG   HandlerThread:6077 [handler.py:handle_request():146] handle_request: status_report
2024-04-01 17:50:45,176 INFO    SenderThread:6077 [sender.py:transition_state():614] send defer: 7
2024-04-01 17:50:45,176 DEBUG   HandlerThread:6077 [handler.py:handle_request():146] handle_request: defer
2024-04-01 17:50:45,176 INFO    HandlerThread:6077 [handler.py:handle_request_defer():172] handle defer: 7
2024-04-01 17:50:45,176 DEBUG   SenderThread:6077 [sender.py:send_request():406] send_request: defer
2024-04-01 17:50:45,176 INFO    SenderThread:6077 [sender.py:send_request_defer():610] handle sender defer: 7
2024-04-01 17:50:45,564 DEBUG   HandlerThread:6077 [handler.py:handle_request():146] handle_request: poll_exit
2024-04-01 17:50:46,059 INFO    Thread-12 :6077 [dir_watcher.py:_on_file_modified():288] file/dir modified: /Users/viditpokharna/Downloads/assignment-4/wandb/run-20240401_174934-iop4dmcv/files/wandb-summary.json
2024-04-01 17:50:46,060 INFO    Thread-12 :6077 [dir_watcher.py:_on_file_modified():288] file/dir modified: /Users/viditpokharna/Downloads/assignment-4/wandb/run-20240401_174934-iop4dmcv/files/config.yaml
2024-04-01 17:50:46,569 INFO    SenderThread:6077 [sender.py:transition_state():614] send defer: 8
2024-04-01 17:50:46,569 DEBUG   SenderThread:6077 [sender.py:send_request():406] send_request: poll_exit
2024-04-01 17:50:46,569 DEBUG   HandlerThread:6077 [handler.py:handle_request():146] handle_request: defer
2024-04-01 17:50:46,570 INFO    HandlerThread:6077 [handler.py:handle_request_defer():172] handle defer: 8
2024-04-01 17:50:46,570 DEBUG   SenderThread:6077 [sender.py:send_request():406] send_request: defer
2024-04-01 17:50:46,570 INFO    SenderThread:6077 [sender.py:send_request_defer():610] handle sender defer: 8
2024-04-01 17:50:46,570 INFO    SenderThread:6077 [job_builder.py:build():318] Attempting to build job artifact
2024-04-01 17:50:46,570 INFO    SenderThread:6077 [job_builder.py:_get_source_type():466] no source found
2024-04-01 17:50:46,571 INFO    SenderThread:6077 [sender.py:transition_state():614] send defer: 9
2024-04-01 17:50:46,571 DEBUG   HandlerThread:6077 [handler.py:handle_request():146] handle_request: defer
2024-04-01 17:50:46,571 INFO    HandlerThread:6077 [handler.py:handle_request_defer():172] handle defer: 9
2024-04-01 17:50:46,571 DEBUG   SenderThread:6077 [sender.py:send_request():406] send_request: defer
2024-04-01 17:50:46,571 INFO    SenderThread:6077 [sender.py:send_request_defer():610] handle sender defer: 9
2024-04-01 17:50:46,571 INFO    SenderThread:6077 [dir_watcher.py:finish():358] shutting down directory watcher
2024-04-01 17:50:47,065 INFO    SenderThread:6077 [dir_watcher.py:_on_file_modified():288] file/dir modified: /Users/viditpokharna/Downloads/assignment-4/wandb/run-20240401_174934-iop4dmcv/files/output.log
2024-04-01 17:50:47,066 INFO    SenderThread:6077 [dir_watcher.py:finish():388] scan: /Users/viditpokharna/Downloads/assignment-4/wandb/run-20240401_174934-iop4dmcv/files
2024-04-01 17:50:47,066 INFO    SenderThread:6077 [dir_watcher.py:finish():402] scan save: /Users/viditpokharna/Downloads/assignment-4/wandb/run-20240401_174934-iop4dmcv/files/requirements.txt requirements.txt
2024-04-01 17:50:47,066 INFO    SenderThread:6077 [dir_watcher.py:finish():402] scan save: /Users/viditpokharna/Downloads/assignment-4/wandb/run-20240401_174934-iop4dmcv/files/output.log output.log
2024-04-01 17:50:47,069 INFO    SenderThread:6077 [dir_watcher.py:finish():402] scan save: /Users/viditpokharna/Downloads/assignment-4/wandb/run-20240401_174934-iop4dmcv/files/config.yaml config.yaml
2024-04-01 17:50:47,072 INFO    SenderThread:6077 [dir_watcher.py:finish():402] scan save: /Users/viditpokharna/Downloads/assignment-4/wandb/run-20240401_174934-iop4dmcv/files/wandb-summary.json wandb-summary.json
2024-04-01 17:50:47,073 INFO    SenderThread:6077 [dir_watcher.py:finish():402] scan save: /Users/viditpokharna/Downloads/assignment-4/wandb/run-20240401_174934-iop4dmcv/files/conda-environment.yaml conda-environment.yaml
2024-04-01 17:50:47,077 INFO    SenderThread:6077 [dir_watcher.py:finish():402] scan save: /Users/viditpokharna/Downloads/assignment-4/wandb/run-20240401_174934-iop4dmcv/files/wandb-metadata.json wandb-metadata.json
2024-04-01 17:50:47,078 INFO    SenderThread:6077 [sender.py:transition_state():614] send defer: 10
2024-04-01 17:50:47,078 DEBUG   HandlerThread:6077 [handler.py:handle_request():146] handle_request: defer
2024-04-01 17:50:47,078 INFO    HandlerThread:6077 [handler.py:handle_request_defer():172] handle defer: 10
2024-04-01 17:50:47,080 DEBUG   SenderThread:6077 [sender.py:send_request():406] send_request: defer
2024-04-01 17:50:47,081 INFO    SenderThread:6077 [sender.py:send_request_defer():610] handle sender defer: 10
2024-04-01 17:50:47,081 INFO    SenderThread:6077 [file_pusher.py:finish():172] shutting down file pusher
2024-04-01 17:50:47,471 INFO    wandb-upload_1:6077 [upload_job.py:push():131] Uploaded file /Users/viditpokharna/Downloads/assignment-4/wandb/run-20240401_174934-iop4dmcv/files/output.log
2024-04-01 17:50:47,472 INFO    wandb-upload_0:6077 [upload_job.py:push():131] Uploaded file /Users/viditpokharna/Downloads/assignment-4/wandb/run-20240401_174934-iop4dmcv/files/requirements.txt
2024-04-01 17:50:47,493 INFO    wandb-upload_4:6077 [upload_job.py:push():131] Uploaded file /Users/viditpokharna/Downloads/assignment-4/wandb/run-20240401_174934-iop4dmcv/files/conda-environment.yaml
2024-04-01 17:50:47,572 DEBUG   HandlerThread:6077 [handler.py:handle_request():146] handle_request: poll_exit
2024-04-01 17:50:47,572 DEBUG   SenderThread:6077 [sender.py:send_request():406] send_request: poll_exit
2024-04-01 17:50:48,577 DEBUG   HandlerThread:6077 [handler.py:handle_request():146] handle_request: poll_exit
2024-04-01 17:50:48,578 DEBUG   SenderThread:6077 [sender.py:send_request():406] send_request: poll_exit
2024-04-01 17:50:49,583 DEBUG   HandlerThread:6077 [handler.py:handle_request():146] handle_request: poll_exit
2024-04-01 17:50:49,584 DEBUG   SenderThread:6077 [sender.py:send_request():406] send_request: poll_exit
2024-04-01 17:50:50,589 DEBUG   HandlerThread:6077 [handler.py:handle_request():146] handle_request: poll_exit
2024-04-01 17:50:50,589 DEBUG   SenderThread:6077 [sender.py:send_request():406] send_request: poll_exit
2024-04-01 17:50:51,592 DEBUG   HandlerThread:6077 [handler.py:handle_request():146] handle_request: poll_exit
2024-04-01 17:50:51,592 DEBUG   SenderThread:6077 [sender.py:send_request():406] send_request: poll_exit
2024-04-01 17:50:52,598 DEBUG   HandlerThread:6077 [handler.py:handle_request():146] handle_request: poll_exit
2024-04-01 17:50:52,598 DEBUG   SenderThread:6077 [sender.py:send_request():406] send_request: poll_exit
2024-04-01 17:50:53,603 DEBUG   HandlerThread:6077 [handler.py:handle_request():146] handle_request: poll_exit
2024-04-01 17:50:53,604 DEBUG   SenderThread:6077 [sender.py:send_request():406] send_request: poll_exit
2024-04-01 17:50:54,609 DEBUG   HandlerThread:6077 [handler.py:handle_request():146] handle_request: poll_exit
2024-04-01 17:50:54,609 DEBUG   HandlerThread:6077 [handler.py:handle_request():146] handle_request: status_report
2024-04-01 17:50:54,609 DEBUG   SenderThread:6077 [sender.py:send_request():406] send_request: poll_exit
2024-04-01 17:50:55,615 DEBUG   HandlerThread:6077 [handler.py:handle_request():146] handle_request: poll_exit
2024-04-01 17:50:55,616 DEBUG   SenderThread:6077 [sender.py:send_request():406] send_request: poll_exit
2024-04-01 17:50:56,620 DEBUG   HandlerThread:6077 [handler.py:handle_request():146] handle_request: poll_exit
2024-04-01 17:50:56,620 DEBUG   SenderThread:6077 [sender.py:send_request():406] send_request: poll_exit
2024-04-01 17:50:57,623 DEBUG   HandlerThread:6077 [handler.py:handle_request():146] handle_request: poll_exit
2024-04-01 17:50:57,623 DEBUG   SenderThread:6077 [sender.py:send_request():406] send_request: poll_exit
2024-04-01 17:50:58,630 DEBUG   HandlerThread:6077 [handler.py:handle_request():146] handle_request: poll_exit
2024-04-01 17:50:58,631 DEBUG   SenderThread:6077 [sender.py:send_request():406] send_request: poll_exit
2024-04-01 17:50:59,635 DEBUG   HandlerThread:6077 [handler.py:handle_request():146] handle_request: poll_exit
2024-04-01 17:50:59,636 DEBUG   HandlerThread:6077 [handler.py:handle_request():146] handle_request: status_report
2024-04-01 17:50:59,636 DEBUG   SenderThread:6077 [sender.py:send_request():406] send_request: poll_exit
2024-04-01 17:51:00,641 DEBUG   HandlerThread:6077 [handler.py:handle_request():146] handle_request: poll_exit
2024-04-01 17:51:00,642 DEBUG   SenderThread:6077 [sender.py:send_request():406] send_request: poll_exit
2024-04-01 17:51:01,647 DEBUG   HandlerThread:6077 [handler.py:handle_request():146] handle_request: poll_exit
2024-04-01 17:51:01,647 DEBUG   SenderThread:6077 [sender.py:send_request():406] send_request: poll_exit
2024-04-01 17:51:02,652 DEBUG   HandlerThread:6077 [handler.py:handle_request():146] handle_request: poll_exit
2024-04-01 17:51:02,653 DEBUG   SenderThread:6077 [sender.py:send_request():406] send_request: poll_exit
2024-04-01 17:51:03,658 DEBUG   HandlerThread:6077 [handler.py:handle_request():146] handle_request: poll_exit
2024-04-01 17:51:03,659 DEBUG   SenderThread:6077 [sender.py:send_request():406] send_request: poll_exit
2024-04-01 17:51:04,662 DEBUG   HandlerThread:6077 [handler.py:handle_request():146] handle_request: poll_exit
2024-04-01 17:51:04,664 DEBUG   SenderThread:6077 [sender.py:send_request():406] send_request: poll_exit
2024-04-01 17:51:04,664 DEBUG   HandlerThread:6077 [handler.py:handle_request():146] handle_request: status_report
2024-04-01 17:51:05,668 DEBUG   HandlerThread:6077 [handler.py:handle_request():146] handle_request: poll_exit
2024-04-01 17:51:05,669 DEBUG   SenderThread:6077 [sender.py:send_request():406] send_request: poll_exit
2024-04-01 17:51:06,645 ERROR   wandb-upload_2:6077 [internal_api.py:upload_file():2767] upload_file exception https://storage.googleapis.com/wandb-production.appspot.com/viditdpokharna/scene-recognition/iop4dmcv/config.yaml?Expires=1712094647&GoogleAccessId=gorilla-files-url-signer-man%40wandb-production.iam.gserviceaccount.com&Signature=TAjO4Y%2FAEd0hKNb0HZNpizLM1SgxUVEA6aFlqMfZbAHP45HCkrpBLIIWN78cnXWnZKQP%2BA4ciJYqXa%2BBnHQXwVGr66N0cvdpyI3LvzywVnxULvf7PfnR6aG2%2F6nTMmWgkZoYx1Ctzkr0dT4Mz5WjVq%2FtldPaNgRZs%2F24LGNtTgLJ7fUbo94RumBUpmAd03uA8qFaikL0QEZ%2BCTsiEeXxn2Oh45X0MFOIKKA6d1TumsBrlKh8mmRISaAWARHpsnGkRyjElE%2BZp9Ka1z7U9vZCp3QRTPDzHeRbxbinT3kmWVo0q4rr%2F8BehO47PWQMeCwaHxnxaJNADlO0m0NTCMZ3uA%3D%3D: ('Connection aborted.', RemoteDisconnected('Remote end closed connection without response'))
2024-04-01 17:51:06,646 ERROR   wandb-upload_2:6077 [internal_api.py:upload_file():2769] upload_file request headers: {'User-Agent': 'python-requests/2.31.0', 'Accept-Encoding': 'gzip, deflate', 'Accept': '*/*', 'Connection': 'keep-alive', 'Content-Length': '627'}
2024-04-01 17:51:06,646 ERROR   wandb-upload_2:6077 [internal_api.py:upload_file():2771] upload_file response body: 
2024-04-01 17:51:06,670 DEBUG   HandlerThread:6077 [handler.py:handle_request():146] handle_request: poll_exit
2024-04-01 17:51:06,671 DEBUG   SenderThread:6077 [sender.py:send_request():406] send_request: poll_exit
2024-04-01 17:51:07,675 DEBUG   HandlerThread:6077 [handler.py:handle_request():146] handle_request: poll_exit
2024-04-01 17:51:07,675 DEBUG   SenderThread:6077 [sender.py:send_request():406] send_request: poll_exit
2024-04-01 17:51:08,678 DEBUG   HandlerThread:6077 [handler.py:handle_request():146] handle_request: poll_exit
2024-04-01 17:51:08,679 DEBUG   SenderThread:6077 [sender.py:send_request():406] send_request: poll_exit
2024-04-01 17:51:09,680 DEBUG   HandlerThread:6077 [handler.py:handle_request():146] handle_request: poll_exit
2024-04-01 17:51:09,681 DEBUG   SenderThread:6077 [sender.py:send_request():406] send_request: poll_exit
2024-04-01 17:51:09,682 DEBUG   HandlerThread:6077 [handler.py:handle_request():146] handle_request: status_report
2024-04-01 17:51:10,664 ERROR   wandb-upload_3:6077 [internal_api.py:upload_file():2767] upload_file exception https://storage.googleapis.com/wandb-production.appspot.com/viditdpokharna/scene-recognition/iop4dmcv/wandb-summary.json?Expires=1712094647&GoogleAccessId=gorilla-files-url-signer-man%40wandb-production.iam.gserviceaccount.com&Signature=tnLmZd7TPZLKwm%2BbrHiDNjZSEQEc41a7Bd1uH9%2B8Jcmwp%2Fi%2FxPC7t917R2TvdIx5wUaY7bdJnjv9OokXFVZnJrX9N48ZfDI443JL4Kzp9%2BUneDuPTyhU6LWmKgvAYtZPNb8c%2Bqm2pN2n2uR5zNU1rhxO%2FiyGZlw4GgG%2BOuk6OJDKOZKmXcEY%2BiHsQiFaVwg4anx89GeE2XKFz3rGqo5jtjGbdrR77mcLC1t0sdMv%2B86l2hjAycFNlfexKW7aWz1rxZOEmyAMHN48mgT2LPAos9jS1BJQdew4jeU3qdFQE%2Bf3BuZa2azEjh75l2vDT7LZ4g9mf3ykRHFmb4k9n5kVOw%3D%3D: ('Connection aborted.', RemoteDisconnected('Remote end closed connection without response'))
2024-04-01 17:51:10,664 ERROR   wandb-upload_3:6077 [internal_api.py:upload_file():2769] upload_file request headers: {'User-Agent': 'python-requests/2.31.0', 'Accept-Encoding': 'gzip, deflate', 'Accept': '*/*', 'Connection': 'keep-alive', 'Content-Length': '26'}
2024-04-01 17:51:10,664 ERROR   wandb-upload_3:6077 [internal_api.py:upload_file():2771] upload_file response body: 
2024-04-01 17:51:10,685 DEBUG   HandlerThread:6077 [handler.py:handle_request():146] handle_request: poll_exit
2024-04-01 17:51:10,685 DEBUG   SenderThread:6077 [sender.py:send_request():406] send_request: poll_exit
2024-04-01 17:51:11,690 DEBUG   HandlerThread:6077 [handler.py:handle_request():146] handle_request: poll_exit
2024-04-01 17:51:11,692 DEBUG   SenderThread:6077 [sender.py:send_request():406] send_request: poll_exit
2024-04-01 17:51:12,148 INFO    wandb-upload_3:6077 [upload_job.py:push():131] Uploaded file /Users/viditpokharna/Downloads/assignment-4/wandb/run-20240401_174934-iop4dmcv/files/wandb-summary.json
2024-04-01 17:51:12,696 DEBUG   HandlerThread:6077 [handler.py:handle_request():146] handle_request: poll_exit
2024-04-01 17:51:12,697 DEBUG   SenderThread:6077 [sender.py:send_request():406] send_request: poll_exit
2024-04-01 17:51:13,702 DEBUG   HandlerThread:6077 [handler.py:handle_request():146] handle_request: poll_exit
2024-04-01 17:51:13,738 DEBUG   SenderThread:6077 [sender.py:send_request():406] send_request: poll_exit
2024-04-01 17:51:14,717 DEBUG   HandlerThread:6077 [handler.py:handle_request():146] handle_request: poll_exit
2024-04-01 17:51:14,718 DEBUG   SenderThread:6077 [sender.py:send_request():406] send_request: poll_exit
2024-04-01 17:51:14,718 DEBUG   HandlerThread:6077 [handler.py:handle_request():146] handle_request: status_report
2024-04-01 17:51:15,722 DEBUG   HandlerThread:6077 [handler.py:handle_request():146] handle_request: poll_exit
2024-04-01 17:51:15,723 DEBUG   SenderThread:6077 [sender.py:send_request():406] send_request: poll_exit
2024-04-01 17:51:16,733 DEBUG   HandlerThread:6077 [handler.py:handle_request():146] handle_request: poll_exit
2024-04-01 17:51:16,734 DEBUG   SenderThread:6077 [sender.py:send_request():406] send_request: poll_exit
2024-04-01 17:51:17,739 DEBUG   HandlerThread:6077 [handler.py:handle_request():146] handle_request: poll_exit
2024-04-01 17:51:17,740 DEBUG   SenderThread:6077 [sender.py:send_request():406] send_request: poll_exit
2024-04-01 17:51:18,378 ERROR   wandb-upload_2:6077 [internal_api.py:upload_file():2767] upload_file exception https://storage.googleapis.com/wandb-production.appspot.com/viditdpokharna/scene-recognition/iop4dmcv/config.yaml?Expires=1712094647&GoogleAccessId=gorilla-files-url-signer-man%40wandb-production.iam.gserviceaccount.com&Signature=TAjO4Y%2FAEd0hKNb0HZNpizLM1SgxUVEA6aFlqMfZbAHP45HCkrpBLIIWN78cnXWnZKQP%2BA4ciJYqXa%2BBnHQXwVGr66N0cvdpyI3LvzywVnxULvf7PfnR6aG2%2F6nTMmWgkZoYx1Ctzkr0dT4Mz5WjVq%2FtldPaNgRZs%2F24LGNtTgLJ7fUbo94RumBUpmAd03uA8qFaikL0QEZ%2BCTsiEeXxn2Oh45X0MFOIKKA6d1TumsBrlKh8mmRISaAWARHpsnGkRyjElE%2BZp9Ka1z7U9vZCp3QRTPDzHeRbxbinT3kmWVo0q4rr%2F8BehO47PWQMeCwaHxnxaJNADlO0m0NTCMZ3uA%3D%3D: ('Connection aborted.', RemoteDisconnected('Remote end closed connection without response'))
2024-04-01 17:51:18,378 ERROR   wandb-upload_2:6077 [internal_api.py:upload_file():2769] upload_file request headers: {'User-Agent': 'python-requests/2.31.0', 'Accept-Encoding': 'gzip, deflate', 'Accept': '*/*', 'Connection': 'keep-alive', 'Content-Length': '627'}
2024-04-01 17:51:18,378 ERROR   wandb-upload_2:6077 [internal_api.py:upload_file():2771] upload_file response body: 
2024-04-01 17:51:18,378 INFO    wandb-upload_2:6077 [retry.py:__call__():172] Retry attempt failed:
Traceback (most recent call last):
  File "/Users/viditpokharna/anaconda3/envs/cv_proj4/lib/python3.10/site-packages/urllib3/connectionpool.py", line 793, in urlopen
    response = self._make_request(
  File "/Users/viditpokharna/anaconda3/envs/cv_proj4/lib/python3.10/site-packages/urllib3/connectionpool.py", line 537, in _make_request
    response = conn.getresponse()
  File "/Users/viditpokharna/anaconda3/envs/cv_proj4/lib/python3.10/site-packages/urllib3/connection.py", line 466, in getresponse
    httplib_response = super().getresponse()
  File "/Users/viditpokharna/anaconda3/envs/cv_proj4/lib/python3.10/http/client.py", line 1375, in getresponse
    response.begin()
  File "/Users/viditpokharna/anaconda3/envs/cv_proj4/lib/python3.10/http/client.py", line 318, in begin
    version, status, reason = self._read_status()
  File "/Users/viditpokharna/anaconda3/envs/cv_proj4/lib/python3.10/http/client.py", line 287, in _read_status
    raise RemoteDisconnected("Remote end closed connection without"
http.client.RemoteDisconnected: Remote end closed connection without response

During handling of the above exception, another exception occurred:

Traceback (most recent call last):
  File "/Users/viditpokharna/anaconda3/envs/cv_proj4/lib/python3.10/site-packages/requests/adapters.py", line 486, in send
    resp = conn.urlopen(
  File "/Users/viditpokharna/anaconda3/envs/cv_proj4/lib/python3.10/site-packages/urllib3/connectionpool.py", line 847, in urlopen
    retries = retries.increment(
  File "/Users/viditpokharna/anaconda3/envs/cv_proj4/lib/python3.10/site-packages/urllib3/util/retry.py", line 470, in increment
    raise reraise(type(error), error, _stacktrace)
  File "/Users/viditpokharna/anaconda3/envs/cv_proj4/lib/python3.10/site-packages/urllib3/util/util.py", line 38, in reraise
    raise value.with_traceback(tb)
  File "/Users/viditpokharna/anaconda3/envs/cv_proj4/lib/python3.10/site-packages/urllib3/connectionpool.py", line 793, in urlopen
    response = self._make_request(
  File "/Users/viditpokharna/anaconda3/envs/cv_proj4/lib/python3.10/site-packages/urllib3/connectionpool.py", line 537, in _make_request
    response = conn.getresponse()
  File "/Users/viditpokharna/anaconda3/envs/cv_proj4/lib/python3.10/site-packages/urllib3/connection.py", line 466, in getresponse
    httplib_response = super().getresponse()
  File "/Users/viditpokharna/anaconda3/envs/cv_proj4/lib/python3.10/http/client.py", line 1375, in getresponse
    response.begin()
  File "/Users/viditpokharna/anaconda3/envs/cv_proj4/lib/python3.10/http/client.py", line 318, in begin
    version, status, reason = self._read_status()
  File "/Users/viditpokharna/anaconda3/envs/cv_proj4/lib/python3.10/http/client.py", line 287, in _read_status
    raise RemoteDisconnected("Remote end closed connection without"
urllib3.exceptions.ProtocolError: ('Connection aborted.', RemoteDisconnected('Remote end closed connection without response'))

During handling of the above exception, another exception occurred:

Traceback (most recent call last):
  File "/Users/viditpokharna/anaconda3/envs/cv_proj4/lib/python3.10/site-packages/wandb/sdk/internal/internal_api.py", line 2760, in upload_file
    response = self._upload_file_session.put(
  File "/Users/viditpokharna/anaconda3/envs/cv_proj4/lib/python3.10/site-packages/requests/sessions.py", line 649, in put
    return self.request("PUT", url, data=data, **kwargs)
  File "/Users/viditpokharna/anaconda3/envs/cv_proj4/lib/python3.10/site-packages/requests/sessions.py", line 589, in request
    resp = self.send(prep, **send_kwargs)
  File "/Users/viditpokharna/anaconda3/envs/cv_proj4/lib/python3.10/site-packages/requests/sessions.py", line 703, in send
    r = adapter.send(request, **kwargs)
  File "/Users/viditpokharna/anaconda3/envs/cv_proj4/lib/python3.10/site-packages/requests/adapters.py", line 501, in send
    raise ConnectionError(err, request=request)
requests.exceptions.ConnectionError: ('Connection aborted.', RemoteDisconnected('Remote end closed connection without response'))

During handling of the above exception, another exception occurred:

Traceback (most recent call last):
  File "/Users/viditpokharna/anaconda3/envs/cv_proj4/lib/python3.10/site-packages/wandb/sdk/lib/retry.py", line 131, in __call__
    result = self._call_fn(*args, **kwargs)
  File "/Users/viditpokharna/anaconda3/envs/cv_proj4/lib/python3.10/site-packages/wandb/sdk/internal/internal_api.py", line 2791, in upload_file
    raise _e.with_traceback(sys.exc_info()[2])
  File "/Users/viditpokharna/anaconda3/envs/cv_proj4/lib/python3.10/site-packages/wandb/sdk/internal/internal_api.py", line 2760, in upload_file
    response = self._upload_file_session.put(
  File "/Users/viditpokharna/anaconda3/envs/cv_proj4/lib/python3.10/site-packages/requests/sessions.py", line 649, in put
    return self.request("PUT", url, data=data, **kwargs)
  File "/Users/viditpokharna/anaconda3/envs/cv_proj4/lib/python3.10/site-packages/requests/sessions.py", line 589, in request
    resp = self.send(prep, **send_kwargs)
  File "/Users/viditpokharna/anaconda3/envs/cv_proj4/lib/python3.10/site-packages/requests/sessions.py", line 703, in send
    r = adapter.send(request, **kwargs)
  File "/Users/viditpokharna/anaconda3/envs/cv_proj4/lib/python3.10/site-packages/requests/adapters.py", line 501, in send
    raise ConnectionError(err, request=request)
wandb.sdk.lib.retry.TransientError: None
2024-04-01 17:51:18,742 DEBUG   HandlerThread:6077 [handler.py:handle_request():146] handle_request: poll_exit
2024-04-01 17:51:18,742 DEBUG   SenderThread:6077 [sender.py:send_request():406] send_request: poll_exit
2024-04-01 17:51:19,745 DEBUG   HandlerThread:6077 [handler.py:handle_request():146] handle_request: status_report
2024-04-01 17:51:19,746 DEBUG   HandlerThread:6077 [handler.py:handle_request():146] handle_request: poll_exit
2024-04-01 17:51:19,747 DEBUG   SenderThread:6077 [sender.py:send_request():406] send_request: poll_exit
2024-04-01 17:51:20,751 DEBUG   HandlerThread:6077 [handler.py:handle_request():146] handle_request: poll_exit
2024-04-01 17:51:20,752 DEBUG   SenderThread:6077 [sender.py:send_request():406] send_request: poll_exit
2024-04-01 17:51:21,155 INFO    wandb-upload_2:6077 [upload_job.py:push():131] Uploaded file /Users/viditpokharna/Downloads/assignment-4/wandb/run-20240401_174934-iop4dmcv/files/config.yaml
2024-04-01 17:51:21,366 INFO    Thread-11 (_thread_body):6077 [sender.py:transition_state():614] send defer: 11
2024-04-01 17:51:21,367 DEBUG   HandlerThread:6077 [handler.py:handle_request():146] handle_request: defer
2024-04-01 17:51:21,367 INFO    HandlerThread:6077 [handler.py:handle_request_defer():172] handle defer: 11
2024-04-01 17:51:21,368 DEBUG   SenderThread:6077 [sender.py:send_request():406] send_request: defer
2024-04-01 17:51:21,368 INFO    SenderThread:6077 [sender.py:send_request_defer():610] handle sender defer: 11
2024-04-01 17:51:21,368 INFO    SenderThread:6077 [file_pusher.py:join():178] waiting for file pusher
2024-04-01 17:51:21,371 INFO    SenderThread:6077 [sender.py:transition_state():614] send defer: 12
2024-04-01 17:51:21,371 DEBUG   HandlerThread:6077 [handler.py:handle_request():146] handle_request: defer
2024-04-01 17:51:21,371 INFO    HandlerThread:6077 [handler.py:handle_request_defer():172] handle defer: 12
2024-04-01 17:51:21,371 DEBUG   SenderThread:6077 [sender.py:send_request():406] send_request: defer
2024-04-01 17:51:21,372 INFO    SenderThread:6077 [sender.py:send_request_defer():610] handle sender defer: 12
2024-04-01 17:51:21,372 INFO    SenderThread:6077 [file_stream.py:finish():614] file stream finish called
2024-04-01 17:51:21,444 INFO    SenderThread:6077 [file_stream.py:finish():618] file stream finish is done
2024-04-01 17:51:21,444 INFO    SenderThread:6077 [sender.py:transition_state():614] send defer: 13
2024-04-01 17:51:21,445 DEBUG   HandlerThread:6077 [handler.py:handle_request():146] handle_request: defer
2024-04-01 17:51:21,445 INFO    HandlerThread:6077 [handler.py:handle_request_defer():172] handle defer: 13
2024-04-01 17:51:21,445 DEBUG   SenderThread:6077 [sender.py:send_request():406] send_request: defer
2024-04-01 17:51:21,445 INFO    SenderThread:6077 [sender.py:send_request_defer():610] handle sender defer: 13
2024-04-01 17:51:21,445 INFO    SenderThread:6077 [sender.py:transition_state():614] send defer: 14
2024-04-01 17:51:21,446 DEBUG   HandlerThread:6077 [handler.py:handle_request():146] handle_request: defer
2024-04-01 17:51:21,446 DEBUG   SenderThread:6077 [sender.py:send():379] send: final
2024-04-01 17:51:21,446 INFO    HandlerThread:6077 [handler.py:handle_request_defer():172] handle defer: 14
2024-04-01 17:51:21,446 DEBUG   SenderThread:6077 [sender.py:send():379] send: footer
2024-04-01 17:51:21,447 DEBUG   SenderThread:6077 [sender.py:send_request():406] send_request: defer
2024-04-01 17:51:21,447 INFO    SenderThread:6077 [sender.py:send_request_defer():610] handle sender defer: 14
2024-04-01 17:51:21,449 DEBUG   HandlerThread:6077 [handler.py:handle_request():146] handle_request: poll_exit
2024-04-01 17:51:21,449 DEBUG   SenderThread:6077 [sender.py:send_request():406] send_request: poll_exit
2024-04-01 17:51:21,452 DEBUG   HandlerThread:6077 [handler.py:handle_request():146] handle_request: internal_messages
2024-04-01 17:51:21,453 DEBUG   HandlerThread:6077 [handler.py:handle_request():146] handle_request: server_info
2024-04-01 17:51:21,454 DEBUG   HandlerThread:6077 [handler.py:handle_request():146] handle_request: get_summary
2024-04-01 17:51:21,454 DEBUG   HandlerThread:6077 [handler.py:handle_request():146] handle_request: sampled_history
2024-04-01 17:51:21,454 DEBUG   SenderThread:6077 [sender.py:send_request():406] send_request: server_info
2024-04-01 17:51:21,500 DEBUG   HandlerThread:6077 [handler.py:handle_request():146] handle_request: shutdown
2024-04-01 17:51:21,500 INFO    HandlerThread:6077 [handler.py:finish():866] shutting down handler
2024-04-01 17:51:22,464 INFO    WriterThread:6077 [datastore.py:close():296] close: /Users/viditpokharna/Downloads/assignment-4/wandb/run-20240401_174934-iop4dmcv/run-iop4dmcv.wandb
2024-04-01 17:51:22,509 INFO    SenderThread:6077 [sender.py:finish():1546] shutting down sender
2024-04-01 17:51:22,509 INFO    SenderThread:6077 [file_pusher.py:finish():172] shutting down file pusher
2024-04-01 17:51:22,509 INFO    SenderThread:6077 [file_pusher.py:join():178] waiting for file pusher
